[37;40mnpm[0m [0m[31;40mERR![0m[35m[0m Unexpected string in JSON at position 13963 while parsing '{
[0m[37;40mnpm[0m [0m[31;40mERR![0m[35m[0m   "name": "project-boundlessbytes",
[0m[37;40mnpm[0m [0m[31;40mERR![0m[35m[0m   '
[0m
[37;40mnpm[0m [0m[31;40mERR![0m[35m[0m A complete log of this run can be found in:
[0m[37;40mnpm[0m [0m[31;40mERR![0m[35m[0m     /Users/naazsibia/.npm/_logs/2020-03-17T02_52_13_676Z-debug.log
[0minternal/modules/cjs/loader.js:979
  throw err;
  ^

Error: Cannot find module 'cors'
Require stack:
- /Users/naazsibia/Desktop/my_projects/bb/authentication/app.js
    at Function.Module._resolveFilename (internal/modules/cjs/loader.js:976:15)
    at Function.Module._load (internal/modules/cjs/loader.js:859:27)
    at Module.require (internal/modules/cjs/loader.js:1036:19)
    at require (internal/modules/cjs/helpers.js:72:18)
    at Object.<anonymous> (/Users/naazsibia/Desktop/my_projects/bb/authentication/app.js:2:14)
    at Module._compile (internal/modules/cjs/loader.js:1147:30)
    at Object.Module._extensions..js (internal/modules/cjs/loader.js:1167:10)
    at Module.load (internal/modules/cjs/loader.js:996:32)
    at Function.Module._load (internal/modules/cjs/loader.js:896:14)
    at Function.executeUserEntryPoint [as runMain] (internal/modules/run_main.js:71:12) {
  code: 'MODULE_NOT_FOUND',
  requireStack: [ '/Users/naazsibia/Desktop/my_projects/bb/authentication/app.js' ]
}
[37;40mnpm[0m [0m[31;40mERR![0m [0m[35mcode[0m ELIFECYCLE
[0m[37;40mnpm[0m [0m[31;40mERR![0m [0m[35merrno[0m 1
[0m[37;40mnpm[0m [0m[31;40mERR![0m[35m[0m serverside@0.0.0 prod: `node app.js`
[0m[37;40mnpm[0m [0m[31;40mERR![0m[35m[0m Exit status 1
[0m[37;40mnpm[0m [0m[31;40mERR![0m[35m[0m 
[0m[37;40mnpm[0m [0m[31;40mERR![0m[35m[0m Failed at the serverside@0.0.0 prod script.
[0m[37;40mnpm[0m [0m[31;40mERR![0m[35m[0m This is probably not a problem with npm. There is likely additional logging output above.
[0m
[37;40mnpm[0m [0m[31;40mERR![0m[35m[0m A complete log of this run can be found in:
[0m[37;40mnpm[0m [0m[31;40mERR![0m[35m[0m     /Users/naazsibia/.npm/_logs/2020-03-17T02_52_15_859Z-debug.log
[0m[37;40mnpm[0m [0m[30;43mWARN[0m [0m[35mconflict[0m A git conflict was detected in package-lock.json. Attempting to auto-resolve.
[0m[37;40mnpm[0m [0m[30;43mWARN[0m [0m[35mconflict[0m To make this happen automatically on git rebase/merge, consider using the npm-merge-driver:
[0m[37;40mnpm[0m [0m[30;43mWARN[0m [0m[35mconflict[0m $ npx npm-merge-driver install -g
[0m[37;40mnpm[0m [0m[31;40mERR![0m [0m[35mconflict[0m Automatic conflict resolution failed. Please manually resolve conflicts in package-lock.json and try again.
[0m[37;40mnpm[0m [0m[31;40mERR![0m[35m[0m Unexpected string in JSON at position 51400 while parsing '{
[0m[37;40mnpm[0m [0m[31;40mERR![0m[35m[0m   "name": "serverside",
[0m[37;40mnpm[0m [0m[31;40mERR![0m[35m[0m   "version": "'
[0m
[37;40mnpm[0m [0m[31;40mERR![0m[35m[0m A complete log of this run can be found in:
[0m[37;40mnpm[0m [0m[31;40mERR![0m[35m[0m     /Users/naazsibia/.npm/_logs/2020-03-17T02_52_20_013Z-debug.log
[0m(node:16781) DeprecationWarning: current Server Discovery and Monitoring engine is deprecated, and will be removed in a future version. To use the new Server Discover and Monitoring engine, pass option { useUnifiedTopology: true } to the MongoClient constructor.
[31mFailed to compile.[39m
[31m[39m
./pages/login.js
Module not found: Can't resolve '@material-ui/core/Button' in '/Users/naazsibia/Desktop/my_projects/bb/front_end/pages'

> Build error occurred
Error: > Build failed because of webpack errors
    at build (/Users/naazsibia/Desktop/my_projects/bb/front_end/node_modules/next/dist/build/index.js:10:900)
[?25hsh: line 1: 16785 Terminated: 15          next start -p $FRONTENDPORT
[37;40mnpm[0m [0m[31;40mERR![0m [0m[35mcode[0m ELIFECYCLE
[0m[37;40mnpm[0m [0m[31;40mERR![0m [0m[35merrno[0m 143
[0m[37;40mnpm[0m [0m[31;40mERR![0m[35m[0m serverside@0.0.0 prod: `next build; next start -p $FRONTENDPORT`
[0m[37;40mnpm[0m [0m[31;40mERR![0m[35m[0m Exit status 143
[0m[37;40mnpm[0m [0m[31;40mERR![0m[35m[0m 
[0m[37;40mnpm[0m [0m[31;40mERR![0m[35m[0m Failed at the serverside@0.0.0 prod script.
[0m[37;40mnpm[0m [0m[31;40mERR![0m[35m[0m This is probably not a problem with npm. There is likely additional logging output above.
[0m
[37;40mnpm[0m [0m[31;40mERR![0m[35m[0m A complete log of this run can be found in:
[0m[37;40mnpm[0m [0m[31;40mERR![0m[35m[0m     /Users/naazsibia/.npm/_logs/2020-03-17T03_03_24_254Z-debug.log
[0m